Flow report for DE2_Default
Fri Jun 02 12:03:48 2006
Version 5.1 Build 176 10/26/2005 SJ Web Edition


---------------------
; Table of Contents ;
---------------------
  1. Legal Notice
  2. Flow Summary
  3. Flow Settings
  4. Flow Elapsed Time
  5. Flow Log



----------------
; Legal Notice ;
----------------
Copyright (C) 1991-2005 Altera Corporation
Your use of Altera Corporation's design tools, logic functions 
and other software and tools, and its AMPP partner logic 
functions, and any output files any of the foregoing 
(including device programming or simulation files), and any 
associated documentation or information are expressly subject 
to the terms and conditions of the Altera Program License 
Subscription Agreement, Altera MegaCore Function License 
Agreement, or other applicable license agreement, including, 
without limitation, that your use is for the sole purpose of 
programming logic devices manufactured by Altera and sold by 
Altera or its authorized distributors.  Please refer to the 
applicable agreement for further details.



+------------------------------------------------------------------------------+
; Flow Summary                                                                 ;
+------------------------------------+-----------------------------------------+
; Flow Status                        ; Successful - Fri Jun 02 12:03:47 2006   ;
; Quartus II Version                 ; 5.1 Build 176 10/26/2005 SJ Web Edition ;
; Revision Name                      ; DE2_Default                             ;
; Top-level Entity Name              ; DE2_Default                             ;
; Family                             ; Cyclone II                              ;
; Device                             ; EP2C35F672C6                            ;
; Timing Models                      ; Preliminary                             ;
; Met timing requirements            ; Yes                                     ;
; Total logic elements               ; 119 / 33,216 ( < 1 % )                  ;
; Total registers                    ; 73                                      ;
; Total pins                         ; 425 / 475 ( 89 % )                      ;
; Total virtual pins                 ; 0                                       ;
; Total memory bits                  ; 0 / 483,840 ( 0 % )                     ;
; Embedded Multiplier 9-bit elements ; 0 / 70 ( 0 % )                          ;
; Total PLLs                         ; 1 / 4 ( 25 % )                          ;
+------------------------------------+-----------------------------------------+


+-----------------------------------------+
; Flow Settings                           ;
+-------------------+---------------------+
; Option            ; Setting             ;
+-------------------+---------------------+
; Start date & time ; 06/02/2006 12:03:18 ;
; Main task         ; Compilation         ;
; Revision Name     ; DE2_Default         ;
+-------------------+---------------------+


+-------------------------------------+
; Flow Elapsed Time                   ;
+----------------------+--------------+
; Module Name          ; Elapsed Time ;
+----------------------+--------------+
; Analysis & Synthesis ; 00:00:04     ;
; Fitter               ; 00:00:12     ;
; Assembler            ; 00:00:07     ;
; Timing Analyzer      ; 00:00:01     ;
; Total                ; 00:00:24     ;
+----------------------+--------------+


------------
; Flow Log ;
------------
quartus_map --read_settings_files=on --write_settings_files=off DE2_Default -c DE2_Default
quartus_fit --read_settings_files=off --write_settings_files=off DE2_Default -c DE2_Default
quartus_asm --read_settings_files=off --write_settings_files=off DE2_Default -c DE2_Default
quartus_tan --read_settings_files=off --write_settings_files=off DE2_Default -c DE2_Default --timing_analysis_only



